[debug] [2023-03-08T21:45:38.716Z] ----------------------------------------------------------------------
[debug] [2023-03-08T21:45:38.717Z] Command:       /Users/grongo/.nvm/versions/node/v18.15.0/bin/node /Users/grongo/.nvm/versions/node/v18.15.0/bin/firebase init hosting
[debug] [2023-03-08T21:45:38.717Z] CLI Version:   11.24.1
[debug] [2023-03-08T21:45:38.717Z] Platform:      darwin
[debug] [2023-03-08T21:45:38.717Z] Node Version:  v18.15.0
[debug] [2023-03-08T21:45:38.718Z] Time:          Wed Mar 08 2023 22:45:38 GMT+0100 (Central European Standard Time)
[debug] [2023-03-08T21:45:38.718Z] ----------------------------------------------------------------------
[debug] 
[debug] [2023-03-08T21:45:38.721Z] > command requires scopes: ["email","openid","https://www.googleapis.com/auth/cloudplatformprojects.readonly","https://www.googleapis.com/auth/firebase","https://www.googleapis.com/auth/cloud-platform"]
[debug] [2023-03-08T21:45:38.721Z] > authorizing via signed-in user (giorgiogrigolo03@gmail.com)
[info] 
     ######## #### ########  ######## ########     ###     ######  ########
     ##        ##  ##     ## ##       ##     ##  ##   ##  ##       ##
     ######    ##  ########  ######   ########  #########  ######  ######
     ##        ##  ##    ##  ##       ##     ## ##     ##       ## ##
     ##       #### ##     ## ######## ########  ##     ##  ######  ########

You're about to initialize a Firebase project in this directory:

  /Users/grongo/customer-satisfaction

[info] 
=== Project Setup
[info] 
[info] First, let's associate this project directory with a Firebase project.
[info] You can create multiple project aliases by running firebase use --add, 
[info] but for now we'll just set up a default project.
[info] 
[debug] [2023-03-08T21:45:39.682Z] >>> [apiv2][query] GET https://firebase.googleapis.com/v1beta1/projects pageSize=100
[debug] [2023-03-08T21:45:40.259Z] <<< [apiv2][status] GET https://firebase.googleapis.com/v1beta1/projects 200
[debug] [2023-03-08T21:45:40.259Z] <<< [apiv2][body] GET https://firebase.googleapis.com/v1beta1/projects [omitted]
[info] i  Using project customersatisfaction-4bce2 (CustomerSatisfaction) 
[info] 
=== Hosting Setup
[info] 
[info] Your public directory is the folder (relative to your project directory) that
[info] will contain Hosting assets to be uploaded with firebase deploy. If you
[info] have a build process for your assets, use your build's output directory.
[info] 
[info] ✔  Wrote public/404.html 
[debug] [2023-03-08T21:45:48.272Z] >>> [apiv2][query] GET https://www.gstatic.com/firebasejs/releases.json [none]
[debug] [2023-03-08T21:45:48.422Z] <<< [apiv2][status] GET https://www.gstatic.com/firebasejs/releases.json 200
[debug] [2023-03-08T21:45:48.423Z] <<< [apiv2][body] GET https://www.gstatic.com/firebasejs/releases.json {"current":{"version":"9.17.2","browserURL":"https://www.gstatic.com/firebasejs/9.17.2/firebase.js","packageURL":"https://www.gstatic.com/firebasejs/9.17.2/firebase.tgz"},"live":{"version":"9.17","browserURL":"https://www.gstatic.com/firebasejs/live/9.17/firebase.js","packageURL":"https://www.gstatic.com/firebasejs/live/9.17/firebase.tgz"},"components":{"analytics":"https://www.gstatic.com/firebasejs/9.17.2/firebase-analytics.js","app":"https://www.gstatic.com/firebasejs/9.17.2/firebase-app.js","app-check":"https://www.gstatic.com/firebasejs/9.17.2/firebase-app-check.js","auth":"https://www.gstatic.com/firebasejs/9.17.2/firebase-auth.js","auth/cordova":"https://www.gstatic.com/firebasejs/9.17.2/firebase-auth/cordova.js","auth/react-native":"https://www.gstatic.com/firebasejs/9.17.2/firebase-auth/react-native.js","functions":"https://www.gstatic.com/firebasejs/9.17.2/firebase-functions.js","firestore":"https://www.gstatic.com/firebasejs/9.17.2/firebase-firestore.js","firestore/lite":"https://www.gstatic.com/firebasejs/9.17.2/firebase-firestore/lite.js","installations":"https://www.gstatic.com/firebasejs/9.17.2/firebase-installations.js","storage":"https://www.gstatic.com/firebasejs/9.17.2/firebase-storage.js","performance":"https://www.gstatic.com/firebasejs/9.17.2/firebase-performance.js","remote-config":"https://www.gstatic.com/firebasejs/9.17.2/firebase-remote-config.js","messaging":"https://www.gstatic.com/firebasejs/9.17.2/firebase-messaging.js","messaging/sw":"https://www.gstatic.com/firebasejs/9.17.2/firebase-messaging/sw.js","database":"https://www.gstatic.com/firebasejs/9.17.2/firebase-database.js","firestore.memory":"https://www.gstatic.com/firebasejs/9.17.2/firebase-firestore.memory.js"}}
[info] ✔  Wrote public/index.html 
[info] 
[info] i  Detected a .git folder at /Users/grongo/customer-satisfaction 
[info] i  Authorizing with GitHub to upload your service account to a GitHub repository's secrets store. 
[info] 
[info] Visit this URL on this device to log in:
[info] https://github.com/login/oauth/authorize?client_id=89cf50f02ac6aaed3484&state=288410666&redirect_uri=http%3A%2F%2Flocalhost%3A9005&scope=read%3Auser%20repo%20public_repo
[info] 
[info] Waiting for authentication...
